This is pdfTeX, Version 3.14159265-2.6-1.40.21 (MiKTeX 20.7) (preloaded format=pdflatex 2020.9.25)  2 OCT 2021 19:59
entering extended mode
**C:/Users/Leo/Desktop/SXCode/StructuresExplained/solutions/structure/tmp/resol
ucao.tex

(C:/Users/Leo/Desktop/SXCode/StructuresExplained/solutions/structure/tmp/resolu
cao.tex
LaTeX2e <2020-02-02> patch level 5
L3 programming layer <2020-08-07>
(C:\Users\Leo\AppData\Local\Programs\MiKTeX\tex/latex/base\article.cls
Document Class: article 2019/12/20 v1.4l Standard LaTeX document class
(C:\Users\Leo\AppData\Local\Programs\MiKTeX\tex/latex/base\size12.clo
File: size12.clo 2019/12/20 v1.4l Standard LaTeX file (size option)
)
\c@part=\count168
\c@section=\count169
\c@subsection=\count170
\c@subsubsection=\count171
\c@paragraph=\count172
\c@subparagraph=\count173
\c@figure=\count174
\c@table=\count175
\abovecaptionskip=\skip47
\belowcaptionskip=\skip48
\bibindent=\dimen134
)
(C:\Users\Leo\AppData\Local\Programs\MiKTeX\tex/latex/base\fontenc.sty
Package: fontenc 2020/02/11 v2.0o Standard LaTeX package
)
(C:\Users\Leo\AppData\Local\Programs\MiKTeX\tex/latex/base\inputenc.sty
Package: inputenc 2018/08/11 v1.3c Input encoding file
\inpenc@prehook=\toks15
\inpenc@posthook=\toks16
)
(C:\Users\Leo\AppData\Local\Programs\MiKTeX\tex/latex/lm\lmodern.sty
Package: lmodern 2009/10/30 v1.6 Latin Modern Fonts
LaTeX Font Info:    Overwriting symbol font `operators' in version `normal'
(Font)                  OT1/cmr/m/n --> OT1/lmr/m/n on input line 22.
LaTeX Font Info:    Overwriting symbol font `letters' in version `normal'
(Font)                  OML/cmm/m/it --> OML/lmm/m/it on input line 23.
LaTeX Font Info:    Overwriting symbol font `symbols' in version `normal'
(Font)                  OMS/cmsy/m/n --> OMS/lmsy/m/n on input line 24.
LaTeX Font Info:    Overwriting symbol font `largesymbols' in version `normal'
(Font)                  OMX/cmex/m/n --> OMX/lmex/m/n on input line 25.
LaTeX Font Info:    Overwriting symbol font `operators' in version `bold'
(Font)                  OT1/cmr/bx/n --> OT1/lmr/bx/n on input line 26.
LaTeX Font Info:    Overwriting symbol font `letters' in version `bold'
(Font)                  OML/cmm/b/it --> OML/lmm/b/it on input line 27.
LaTeX Font Info:    Overwriting symbol font `symbols' in version `bold'
(Font)                  OMS/cmsy/b/n --> OMS/lmsy/b/n on input line 28.
LaTeX Font Info:    Overwriting symbol font `largesymbols' in version `bold'
(Font)                  OMX/cmex/m/n --> OMX/lmex/m/n on input line 29.
LaTeX Font Info:    Overwriting math alphabet `\mathbf' in version `normal'
(Font)                  OT1/cmr/bx/n --> OT1/lmr/bx/n on input line 31.
LaTeX Font Info:    Overwriting math alphabet `\mathsf' in version `normal'
(Font)                  OT1/cmss/m/n --> OT1/lmss/m/n on input line 32.
LaTeX Font Info:    Overwriting math alphabet `\mathit' in version `normal'
(Font)                  OT1/cmr/m/it --> OT1/lmr/m/it on input line 33.
LaTeX Font Info:    Overwriting math alphabet `\mathtt' in version `normal'
(Font)                  OT1/cmtt/m/n --> OT1/lmtt/m/n on input line 34.
LaTeX Font Info:    Overwriting math alphabet `\mathbf' in version `bold'
(Font)                  OT1/cmr/bx/n --> OT1/lmr/bx/n on input line 35.
LaTeX Font Info:    Overwriting math alphabet `\mathsf' in version `bold'
(Font)                  OT1/cmss/bx/n --> OT1/lmss/bx/n on input line 36.
LaTeX Font Info:    Overwriting math alphabet `\mathit' in version `bold'
(Font)                  OT1/cmr/bx/it --> OT1/lmr/bx/it on input line 37.
LaTeX Font Info:    Overwriting math alphabet `\mathtt' in version `bold'
(Font)                  OT1/cmtt/m/n --> OT1/lmtt/m/n on input line 38.
)
(C:\Users\Leo\AppData\Local\Programs\MiKTeX\tex/latex/base\textcomp.sty
Package: textcomp 2020/02/02 v2.0n Standard LaTeX package
)
(C:\Users\Leo\AppData\Local\Programs\MiKTeX\tex/latex/lastpage\lastpage.sty
Package: lastpage 2015/03/29 v1.2m Refers to last page's name (HMM; JPG)
)
(C:\Users\Leo\AppData\Local\Programs\MiKTeX\tex/latex/graphics\graphicx.sty
Package: graphicx 2019/11/30 v1.2a Enhanced LaTeX Graphics (DPC,SPQR)

(C:\Users\Leo\AppData\Local\Programs\MiKTeX\tex/latex/graphics\keyval.sty
Package: keyval 2014/10/28 v1.15 key=value parser (DPC)
\KV@toks@=\toks17
)
(C:\Users\Leo\AppData\Local\Programs\MiKTeX\tex/latex/graphics\graphics.sty
Package: graphics 2019/11/30 v1.4a Standard LaTeX Graphics (DPC,SPQR)

(C:\Users\Leo\AppData\Local\Programs\MiKTeX\tex/latex/graphics\trig.sty
Package: trig 2016/01/03 v1.10 sin cos tan (DPC)
)
(C:\Users\Leo\AppData\Local\Programs\MiKTeX\tex/latex/graphics-cfg\graphics.cfg
File: graphics.cfg 2016/06/04 v1.11 sample graphics configuration
)
Package graphics Info: Driver file: pdftex.def on input line 105.
 (C:\Users\Leo\AppData\Local\Programs\MiKTeX\tex/latex/graphics-def\pdftex.def
File: pdftex.def 2018/01/08 v1.0l Graphics/color driver for pdftex
))
\Gin@req@height=\dimen135
\Gin@req@width=\dimen136
) (C:\Users\Leo\AppData\Local\Programs\MiKTeX\tex/latex/geometry\geometry.sty
Package: geometry 2020/01/02 v5.9 Page Geometry
(C:\Users\Leo\AppData\Local\Programs\MiKTeX\tex/generic/iftex\ifvtex.sty
Package: ifvtex 2019/10/25 v1.7 ifvtex legacy package. Use iftex instead.

(C:\Users\Leo\AppData\Local\Programs\MiKTeX\tex/generic/iftex\iftex.sty
Package: iftex 2020/03/06 v1.0d TeX engine tests
))
\Gm@cnth=\count176
\Gm@cntv=\count177
\c@Gm@tempcnt=\count178
\Gm@bindingoffset=\dimen137
\Gm@wd@mp=\dimen138
\Gm@odd@mp=\dimen139
\Gm@even@mp=\dimen140
\Gm@layoutwidth=\dimen141
\Gm@layoutheight=\dimen142
\Gm@layouthoffset=\dimen143
\Gm@layoutvoffset=\dimen144
\Gm@dimlist=\toks18

(C:\Users\Leo\AppData\Local\Programs\MiKTeX\tex/latex/geometry\geometry.cfg))
(C:\Users\Leo\AppData\Local\Programs\MiKTeX\tex/latex/setspace\setspace.sty
Package: setspace 2011/12/19 v6.7a set line spacing
)
(C:\Users\Leo\AppData\Local\Programs\MiKTeX\tex/generic/babel\babel.sty
Package: babel 2020/07/13 3.47 The Babel package

(C:\Users\Leo\AppData\Local\Programs\MiKTeX\tex/generic/babel\babel.def
File: babel.def 2020/07/13 3.47 Babel common definitions
\babel@savecnt=\count179
\U@D=\dimen145
\l@babelnohyphens=\language79

(C:\Users\Leo\AppData\Local\Programs\MiKTeX\tex/generic/babel\txtbabel.def)
\bbl@readstream=\read2
)
\bbl@dirlevel=\count180

*************************************
* Local config file bblopts.cfg used
*
(C:\Users\Leo\AppData\Local\Programs\MiKTeX\tex/latex/arabi\bblopts.cfg
File: bblopts.cfg 2005/09/08 v0.1 add Arabic and Farsi to "declared" options of
 babel
)
(C:\Users\Leo\AppData\Local\Programs\MiKTeX\tex/latex/babel-portuges\portuguese
.ldf
Language: portuges 2020/05/04 v1.2r Portuguese support from the babel system
Package babel Info: Making " an active character on input line 143.
))
(C:\Users\Leo\AppData\Local\Programs\MiKTeX\tex/latex/caption\caption.sty
Package: caption 2020/05/30 v3.4k Customizing captions (AR)

(C:\Users\Leo\AppData\Local\Programs\MiKTeX\tex/latex/caption\caption3.sty
Package: caption3 2020/07/20 v1.12b caption3 kernel (AR)
Package caption3 Info: TeX engine: e-TeX on input line 61.
\captionmargin=\dimen146
\captionmargin@=\dimen147
\captionwidth=\dimen148
\caption@tempdima=\dimen149
\caption@indent=\dimen150
\caption@parindent=\dimen151
\caption@hangindent=\dimen152
Package caption Info: Standard document class detected.
)
\c@caption@flags=\count181
\c@continuedfloat=\count182
)
(C:\Users\Leo\AppData\Local\Programs\MiKTeX\tex/latex/amsmath\amsmath.sty
Package: amsmath 2021/04/20 v2.17j AMS math features
\@mathmargin=\skip49

For additional information on amsmath, use the `?' option.
(C:\Users\Leo\AppData\Local\Programs\MiKTeX\tex/latex/amsmath\amstext.sty
Package: amstext 2000/06/29 v2.01 AMS text

(C:\Users\Leo\AppData\Local\Programs\MiKTeX\tex/latex/amsmath\amsgen.sty
File: amsgen.sty 1999/11/30 v2.0 generic functions
\@emptytoks=\toks19
\ex@=\dimen153
))
(C:\Users\Leo\AppData\Local\Programs\MiKTeX\tex/latex/amsmath\amsbsy.sty
Package: amsbsy 1999/11/29 v1.2d Bold Symbols
\pmbraise@=\dimen154
)
(C:\Users\Leo\AppData\Local\Programs\MiKTeX\tex/latex/amsmath\amsopn.sty
Package: amsopn 2016/03/08 v2.02 operator names
)
\inf@bad=\count183
LaTeX Info: Redefining \frac on input line 234.
\uproot@=\count184
\leftroot@=\count185
LaTeX Info: Redefining \overline on input line 399.
\classnum@=\count186
\DOTSCASE@=\count187
LaTeX Info: Redefining \ldots on input line 496.
LaTeX Info: Redefining \dots on input line 499.
LaTeX Info: Redefining \cdots on input line 620.
\Mathstrutbox@=\box45
\strutbox@=\box46
\big@size=\dimen155
LaTeX Font Info:    Redeclaring font encoding OML on input line 743.
LaTeX Font Info:    Redeclaring font encoding OMS on input line 744.
\macc@depth=\count188
\c@MaxMatrixCols=\count189
\dotsspace@=\muskip16
\c@parentequation=\count190
\dspbrk@lvl=\count191
\tag@help=\toks20
\row@=\count192
\column@=\count193
\maxfields@=\count194
\andhelp@=\toks21
\eqnshift@=\dimen156
\alignsep@=\dimen157
\tagshift@=\dimen158
\tagwidth@=\dimen159
\totwidth@=\dimen160
\lineht@=\dimen161
\@envbody=\toks22
\multlinegap=\skip50
\multlinetaggap=\skip51
\mathdisplay@stack=\toks23
LaTeX Info: Redefining \[ on input line 2923.
LaTeX Info: Redefining \] on input line 2924.
)
(C:\Users\Leo\AppData\Local\Programs\MiKTeX\tex/latex/cals\cals.sty
Package: cals 2016/11/23 CALS tables v.2.4.2
\cals@paddingL=\skip52
\cals@paddingR=\skip53
\cals@paddingT=\skip54
\cals@paddingB=\skip55
\cals@paddingD=\dimen162
\cals@current@row=\box47
\cals@span@width=\dimen163
\cals@span@height=\dimen164
\cals@backup@row=\box48
\cals@backup@cs=\box49
\cals@backup@leftskip=\skip56
\cals@backup@rightskip=\skip57
\cals@last@row@height=\dimen165
\cals@tfoot@height=\dimen166
\cals@current@cs=\box50
)
(C:\Users\Leo\AppData\Local\Programs\MiKTeX\tex/latex/ragged2e\ragged2e.sty
Package: ragged2e 2019/07/28 v2.2 ragged2e Package (MS)

(C:\Users\Leo\AppData\Local\Programs\MiKTeX\tex/latex/ms\everysel.sty
Package: everysel 2011/10/28 v1.2 EverySelectfont Package (MS)
)
\CenteringLeftskip=\skip58
\RaggedLeftLeftskip=\skip59
\RaggedRightLeftskip=\skip60
\CenteringRightskip=\skip61
\RaggedLeftRightskip=\skip62
\RaggedRightRightskip=\skip63
\CenteringParfillskip=\skip64
\RaggedLeftParfillskip=\skip65
\RaggedRightParfillskip=\skip66
\JustifyingParfillskip=\skip67
\CenteringParindent=\skip68
\RaggedLeftParindent=\skip69
\RaggedRightParindent=\skip70
\JustifyingParindent=\skip71
)
(C:\Users\Leo\AppData\Local\Programs\MiKTeX\tex/latex/breqn\breqn.sty
(C:\Users\Leo\AppData\Local\Programs\MiKTeX\tex/latex/l3kernel\expl3.sty
Package: expl3 2020-08-07 L3 programming layer (loader) 

(C:\Users\Leo\AppData\Local\Programs\MiKTeX\tex/latex/l3backend\l3backend-pdfmo
de.def
File: l3backend-pdfmode.def 2020-08-07 L3 backend support: PDF mode
\l__kernel_color_stack_int=\count195
\l__pdf_internal_box=\box51
))
Package: breqn 2020/04/19 v0.98j Breaking equations

(C:\Users\Leo\AppData\Local\Programs\MiKTeX\tex/latex/breqn\flexisym.sty
Package: flexisym 2020/04/19 v0.98j Make math characters macros
LaTeX Info: Redefining \textprime on input line 298.
LaTeX Info: Redefining \not on input line 356.

(C:\Users\Leo\AppData\Local\Programs\MiKTeX\tex/latex/breqn\cmbase.sym
File: cmbase.sym 2007/12/19 v0.92
LaTeX Info: Redefining \hbar on input line 323.
LaTeX Info: Redefining \surd on input line 325.
LaTeX Info: Redefining \angle on input line 333.
LaTeX Info: Redefining \neq on input line 334.
LaTeX Info: Redefining \mapsto on input line 335.
LaTeX Info: Redefining \cong on input line 336.
LaTeX Info: Redefining \notin on input line 339.
LaTeX Info: Redefining \rightleftharpoons on input line 340.
LaTeX Info: Redefining \doteq on input line 341.
LaTeX Info: Redefining \hookrightarrow on input line 342.
LaTeX Info: Redefining \hookleftarrow on input line 343.
LaTeX Info: Redefining \bowtie on input line 344.
LaTeX Info: Redefining \models on input line 345.
LaTeX Info: Redefining \Longrightarrow on input line 346.
LaTeX Info: Redefining \longrightarrow on input line 347.
LaTeX Info: Redefining \Longleftarrow on input line 348.
LaTeX Info: Redefining \longleftarrow on input line 349.
LaTeX Info: Redefining \longmapsto on input line 350.
LaTeX Info: Redefining \longleftrightarrow on input line 351.
LaTeX Info: Redefining \Longleftrightarrow on input line 352.
LaTeX Info: Redefining \cdots on input line 356.
LaTeX Info: Redefining \vdots on input line 359.
LaTeX Info: Redefining \ddots on input line 364.
)
(C:\Users\Leo\AppData\Local\Programs\MiKTeX\tex/latex/breqn\mathstyle.sty
Package: mathstyle 2020/04/19 v0.98j Tracking mathstyle implicitly
LaTeX Info: Redefining \displaystyle on input line 94.
LaTeX Info: Redefining \textstyle on input line 96.
LaTeX Info: Redefining \scriptstyle on input line 98.
LaTeX Info: Redefining \scriptscriptstyle on input line 100.
LaTeX Info: Redefining \genfrac on input line 148.
))
(C:\Users\Leo\AppData\Local\Programs\MiKTeX\tex/latex/tools\calc.sty
Package: calc 2017/05/25 v4.3 Infix arithmetic (KKT,FJ)
\calc@Acount=\count196
\calc@Bcount=\count197
\calc@Adimen=\dimen167
\calc@Bdimen=\dimen168
\calc@Askip=\skip72
\calc@Bskip=\skip73
LaTeX Info: Redefining \setlength on input line 80.
LaTeX Info: Redefining \addtolength on input line 81.
\calc@Ccount=\count198
\calc@Cskip=\skip74
)
\inf@bad=\count199
\maxint=\count266
\listwidth=\dimen169
\eqnumsep=\dimen170
\eqmargin=\dimen171
\eqlinespacing=\skip75
\eqlineskip=\skip76
\eqlineskiplimit=\dimen172
\eqbinoffset=\muskip17
\eqdelimoffset=\muskip18
\eqindentstep=\dimen173
\eqstyle=\toks24
\eqbreakdepth=\count267
\eqinterlinepenalty=\count268
\intereqpenalty=\count269
\intereqskip=\skip77
\prerelpenalty=\count270
\prebinoppenalty=\count271
\Dmedmuskip=\muskip19
\Dthickmuskip=\muskip20
\eqleftskip=\skip78
\eqrightskip=\skip79
\eq@vspan=\skip80
\eq@binoffset=\muskip21
\EQ@box=\box52
\EQ@copy=\box53
\EQ@numbox=\box54
\eq@wdNum=\dimen174
\GRP@numbox=\box55
\grp@wdNum=\dimen175
\eq@lines=\count272
\eq@curline=\count273
\eq@badness=\count274
\EQ@vims=\count275
\eq@dp=\dimen176
\eq@wdL=\dimen177
\eq@wdT=\dimen178
\eq@wdMin=\dimen179
\grp@wdL=\dimen180
\grp@wdR=\dimen181
\grp@wdT=\dimen182
\eq@wdRmax=\dimen183
\eq@firstht=\dimen184
\eq@wdCond=\dimen185
\eq@indentstep=\dimen186
\eq@linewidth=\dimen187
\grp@linewidth=\dimen188
\eq@hshift=\dimen189
\eq@given@sidespace=\dimen190
\mathindent=\dimen191
\eq@final@linecount=\count276
\eq@wdR=\dimen192
\EQ@continue=\toks25
\lr@level=\count277
\GRP@queue=\toks26
\GRP@box=\box56
\GRP@wholebox=\box57
\darraycolsep=\skip81
\cur@row=\count278
\cur@col=\count279
\conditionsep=\skip82
)
(C:\Users\Leo\AppData\Local\Programs\MiKTeX\tex/latex/pdflscape\pdflscape.sty
Package: pdflscape 2019/12/05 v0.12 Display of landscape pages in PDF (HO)

(C:\Users\Leo\AppData\Local\Programs\MiKTeX\tex/latex/graphics\lscape.sty
Package: lscape 2000/10/22 v3.01 Landscape Pages (DPC)
)
Package pdflscape Info: Auto-detected driver: pdftex on input line 81.
)
(C:\Users\Leo\AppData\Local\Programs\MiKTeX\tex/latex/tools\multicol.sty
Package: multicol 2019/12/09 v1.8y multicolumn formatting (FMi)
\c@tracingmulticols=\count280
\mult@box=\box58
\multicol@leftmargin=\dimen193
\c@unbalance=\count281
\c@collectmore=\count282
\doublecol@number=\count283
\multicoltolerance=\count284
\multicolpretolerance=\count285
\full@width=\dimen194
\page@free=\dimen195
\premulticols=\dimen196
\postmulticols=\dimen197
\multicolsep=\skip83
\multicolbaselineskip=\skip84
\partial@page=\box59
\last@line=\box60
\maxbalancingoverflow=\dimen198
\mult@rightbox=\box61
\mult@grightbox=\box62
\mult@gfirstbox=\box63
\mult@firstbox=\box64
\@tempa=\box65
\@tempa=\box66
\@tempa=\box67
\@tempa=\box68
\@tempa=\box69
\@tempa=\box70
\@tempa=\box71
\@tempa=\box72
\@tempa=\box73
\@tempa=\box74
\@tempa=\box75
\@tempa=\box76
\@tempa=\box77
\@tempa=\box78
\@tempa=\box79
\@tempa=\box80
\@tempa=\box81
\@tempa=\box82
\@tempa=\box83
\@tempa=\box84
\@tempa=\box85
\@tempa=\box86
\@tempa=\box87
\@tempa=\box88
\@tempa=\box89
\@tempa=\box90
\@tempa=\box91
\@tempa=\box92
\@tempa=\box93
\@tempa=\box94
\@tempa=\box95
\@tempa=\box96
\@tempa=\box97
\@tempa=\box98
\@tempa=\box99
\@tempa=\box100
\@tempa=\box101
\c@minrows=\count286
\c@columnbadness=\count287
\c@finalcolumnbadness=\count288
\last@try=\dimen199
\multicolovershoot=\dimen256
\multicolundershoot=\dimen257
\mult@nat@firstbox=\box102
\colbreak@box=\box103
\mc@col@check@num=\count289
)
(C:\Users\Leo\AppData\Local\Programs\MiKTeX\tex/latex/hyperref\hyperref.sty
Package: hyperref 2020-05-15 v7.00e Hypertext links for LaTeX

(C:\Users\Leo\AppData\Local\Programs\MiKTeX\tex/generic/ltxcmds\ltxcmds.sty
Package: ltxcmds 2019/12/15 v1.24 LaTeX kernel commands for general use (HO)
)
(C:\Users\Leo\AppData\Local\Programs\MiKTeX\tex/generic/pdftexcmds\pdftexcmds.s
ty
Package: pdftexcmds 2020-06-27 v0.33 Utility functions of pdfTeX for LuaTeX (HO
)

(C:\Users\Leo\AppData\Local\Programs\MiKTeX\tex/generic/infwarerr\infwarerr.sty
Package: infwarerr 2019/12/03 v1.5 Providing info/warning/error messages (HO)
)
Package pdftexcmds Info: \pdf@primitive is available.
Package pdftexcmds Info: \pdf@ifprimitive is available.
Package pdftexcmds Info: \pdfdraftmode found.
)
(C:\Users\Leo\AppData\Local\Programs\MiKTeX\tex/generic/kvsetkeys\kvsetkeys.sty
Package: kvsetkeys 2019/12/15 v1.18 Key value parser (HO)
)
(C:\Users\Leo\AppData\Local\Programs\MiKTeX\tex/generic/kvdefinekeys\kvdefineke
ys.sty
Package: kvdefinekeys 2019-12-19 v1.6 Define keys (HO)
)
(C:\Users\Leo\AppData\Local\Programs\MiKTeX\tex/generic/pdfescape\pdfescape.sty
Package: pdfescape 2019/12/09 v1.15 Implements pdfTeX's escape features (HO)
) (C:\Users\Leo\AppData\Local\Programs\MiKTeX\tex/latex/hycolor\hycolor.sty
Package: hycolor 2020-01-27 v1.10 Color options for hyperref/bookmark (HO)
)
(C:\Users\Leo\AppData\Local\Programs\MiKTeX\tex/latex/letltxmacro\letltxmacro.s
ty
Package: letltxmacro 2019/12/03 v1.6 Let assignment for LaTeX macros (HO)
) (C:\Users\Leo\AppData\Local\Programs\MiKTeX\tex/latex/auxhook\auxhook.sty
Package: auxhook 2019-12-17 v1.6 Hooks for auxiliary files (HO)
)
(C:\Users\Leo\AppData\Local\Programs\MiKTeX\tex/latex/kvoptions\kvoptions.sty
Package: kvoptions 2019/11/29 v3.13 Key value format for package options (HO)
)
\@linkdim=\dimen258
\Hy@linkcounter=\count290
\Hy@pagecounter=\count291

(C:\Users\Leo\AppData\Local\Programs\MiKTeX\tex/latex/hyperref\pd1enc.def
File: pd1enc.def 2020-05-15 v7.00e Hyperref: PDFDocEncoding definition (HO)
Now handling font encoding PD1 ...
... no UTF-8 mapping file for font encoding PD1
)
(C:\Users\Leo\AppData\Local\Programs\MiKTeX\tex/generic/intcalc\intcalc.sty
Package: intcalc 2019/12/15 v1.3 Expandable calculations with integers (HO)
)
(C:\Users\Leo\AppData\Local\Programs\MiKTeX\tex/generic/etexcmds\etexcmds.sty
Package: etexcmds 2019/12/15 v1.7 Avoid name clashes with e-TeX commands (HO)
)
\Hy@SavedSpaceFactor=\count292
Package hyperref Info: Option `colorlinks' set `true' on input line 4338.
Package hyperref Info: Hyper figures OFF on input line 4464.
Package hyperref Info: Link nesting OFF on input line 4469.
Package hyperref Info: Hyper index ON on input line 4472.
Package hyperref Info: Plain pages OFF on input line 4479.
Package hyperref Info: Backreferencing OFF on input line 4484.
Package hyperref Info: Implicit mode ON; LaTeX internals redefined.
Package hyperref Info: Bookmarks ON on input line 4717.
\c@Hy@tempcnt=\count293

(C:\Users\Leo\AppData\Local\Programs\MiKTeX\tex/latex/url\url.sty
\Urlmuskip=\muskip22
Package: url 2013/09/16  ver 3.4  Verb mode for urls, etc.
)
LaTeX Info: Redefining \url on input line 5076.
\XeTeXLinkMargin=\dimen259

(C:\Users\Leo\AppData\Local\Programs\MiKTeX\tex/generic/bitset\bitset.sty
Package: bitset 2019/12/09 v1.3 Handle bit-vector datatype (HO)

(C:\Users\Leo\AppData\Local\Programs\MiKTeX\tex/generic/bigintcalc\bigintcalc.s
ty
Package: bigintcalc 2019/12/15 v1.5 Expandable calculations on big integers (HO
)
))
\Fld@menulength=\count294
\Field@Width=\dimen260
\Fld@charsize=\dimen261
Package hyperref Info: Hyper figures OFF on input line 6347.
Package hyperref Info: Link nesting OFF on input line 6352.
Package hyperref Info: Hyper index ON on input line 6355.
Package hyperref Info: backreferencing OFF on input line 6362.
Package hyperref Info: Link coloring ON on input line 6365.
Package hyperref Info: Link coloring with OCG OFF on input line 6372.
Package hyperref Info: PDF/A mode OFF on input line 6377.
LaTeX Info: Redefining \ref on input line 6417.
LaTeX Info: Redefining \pageref on input line 6421.

(C:\Users\Leo\AppData\Local\Programs\MiKTeX\tex/generic/atbegshi\atbegshi.sty
Package: atbegshi 2019/12/05 v1.19 At begin shipout hook (HO)
)
\Hy@abspage=\count295
\c@Item=\count296
\c@Hfootnote=\count297
)
Package hyperref Info: Driver (autodetected): hpdftex.
(C:\Users\Leo\AppData\Local\Programs\MiKTeX\tex/latex/hyperref\hpdftex.def
File: hpdftex.def 2020-05-15 v7.00e Hyperref driver for pdfTeX

(C:\Users\Leo\AppData\Local\Programs\MiKTeX\tex/latex/atveryend\atveryend.sty
Package: atveryend 2019-12-11 v1.11 Hooks at the very end of document (HO)
Package atveryend Info: \enddocument detected (standard20110627).
)
\Fld@listcount=\count298
\c@bookmark@seq@number=\count299

(C:\Users\Leo\AppData\Local\Programs\MiKTeX\tex/latex/rerunfilecheck\rerunfilec
heck.sty
Package: rerunfilecheck 2019/12/05 v1.9 Rerun checks for auxiliary files (HO)

(C:\Users\Leo\AppData\Local\Programs\MiKTeX\tex/generic/uniquecounter\uniquecou
nter.sty
Package: uniquecounter 2019/12/15 v1.4 Provide unlimited unique counter (HO)
)
Package uniquecounter Info: New unique counter `rerunfilecheck' on input line 2
86.
)
\Hy@SectionHShift=\skip85
)
(C:\Users\Leo\AppData\Local\Programs\MiKTeX\tex/latex/float\float.sty
Package: float 2001/11/08 v1.3d Float enhancements (AL)
\c@float@type=\count300
\float@exts=\toks27
\float@box=\box104
\@float@everytoks=\toks28
\@floatcapt=\box105
)
(C:\Users\Leo\AppData\Local\Programs\MiKTeX\tex/latex/was\gensymb.sty
Package: gensymb 2003/07/02 v1.0 (WaS)
)
(C:\Users\Leo\AppData\Local\Programs\MiKTeX\tex/latex/fancyhdr\fancyhdr.sty
Package: fancyhdr 2021/01/28 v4.0.1 Extensive control of page headers and foote
rs
\f@nch@headwidth=\skip86
\f@nch@O@elh=\skip87
\f@nch@O@erh=\skip88
\f@nch@O@olh=\skip89
\f@nch@O@orh=\skip90
\f@nch@O@elf=\skip91
\f@nch@O@erf=\skip92
\f@nch@O@olf=\skip93
\f@nch@O@orf=\skip94
)
(C:\Users\Leo\AppData\Local\Programs\MiKTeX\tex/latex/psnfss\helvet.sty
Package: helvet 2020/03/25 PSNFSS-v9.3 (WaS) 
)
No file resolucao.aux.
\openout1 = `resolucao.aux'.

LaTeX Font Info:    Checking defaults for OML/cmm/m/it on input line 34.
LaTeX Font Info:    ... okay on input line 34.
LaTeX Font Info:    Checking defaults for OMS/cmsy/m/n on input line 34.
LaTeX Font Info:    ... okay on input line 34.
LaTeX Font Info:    Checking defaults for OT1/cmr/m/n on input line 34.
LaTeX Font Info:    ... okay on input line 34.
LaTeX Font Info:    Checking defaults for T1/cmr/m/n on input line 34.
LaTeX Font Info:    ... okay on input line 34.
LaTeX Font Info:    Checking defaults for TS1/cmr/m/n on input line 34.
LaTeX Font Info:    ... okay on input line 34.
LaTeX Font Info:    Checking defaults for OMX/cmex/m/n on input line 34.
LaTeX Font Info:    ... okay on input line 34.
LaTeX Font Info:    Checking defaults for U/cmr/m/n on input line 34.
LaTeX Font Info:    ... okay on input line 34.
LaTeX Font Info:    Checking defaults for PD1/pdf/m/n on input line 34.
LaTeX Font Info:    ... okay on input line 34.
LaTeX Font Info:    Trying to load font information for T1+phv on input line 34
.
(C:\Users\Leo\AppData\Local\Programs\MiKTeX\tex/latex/psnfss\t1phv.fd
File: t1phv.fd 2020/03/25 scalable font definitions for T1/phv.
)
LaTeX Font Info:    Font shape `T1/phv/m/n' will be
(Font)              scaled to size 12.0pt on input line 34.
Package lastpage Info: Please have a look at the pageslts package at
(lastpage)             https://www.ctan.org/pkg/pageslts
(lastpage)             ! on input line 34.

(C:\Users\Leo\AppData\Local\Programs\MiKTeX\tex/context/base/mkii\supp-pdf.mkii
[Loading MPS to PDF converter (version 2006.09.02).]
\scratchcounter=\count301
\scratchdimen=\dimen262
\scratchbox=\box106
\nofMPsegments=\count302
\nofMParguments=\count303
\everyMPshowfont=\toks29
\MPscratchCnt=\count304
\MPscratchDim=\dimen263
\MPnumerator=\count305
\makeMPintoPDFobject=\count306
\everyMPtoPDFconversion=\toks30
)
(C:\Users\Leo\AppData\Local\Programs\MiKTeX\tex/latex/epstopdf-pkg\epstopdf-bas
e.sty
Package: epstopdf-base 2020-01-24 v2.11 Base part for package epstopdf
Package epstopdf-base Info: Redefining graphics rule for `.eps' on input line 4
85.
)
*geometry* driver: auto-detecting
*geometry* detected driver: pdftex
*geometry* verbose mode - [ preamble ] result:
* driver: pdftex
* paper: a4paper
* layout: <same size as paper>
* layoutoffset:(h,v)=(0.0pt,0.0pt)
* modes: 
* h-part:(L,W,R)=(42.67912pt, 512.14963pt, 42.67912pt)
* v-part:(T,H,B)=(56.9055pt, 731.23584pt, 56.9055pt)
* \paperwidth=597.50787pt
* \paperheight=845.04684pt
* \textwidth=512.14963pt
* \textheight=731.23584pt
* \oddsidemargin=-29.59087pt
* \evensidemargin=-29.59087pt
* \topmargin=-52.36449pt
* \headheight=12.0pt
* \headsep=25.0pt
* \topskip=12.0pt
* \footskip=30.0pt
* \marginparwidth=35.0pt
* \marginparsep=10.0pt
* \columnsep=10.0pt
* \skip\footins=10.8pt plus 4.0pt minus 2.0pt
* \hoffset=0.0pt
* \voffset=0.0pt
* \mag=1000
* \@twocolumnfalse
* \@twosidefalse
* \@mparswitchfalse
* \@reversemarginfalse
* (1in=72.27pt=25.4mm, 1cm=28.453pt)

Package caption Info: Begin \AtBeginDocument code.
Package caption Info: float package is loaded.
Package caption Info: hyperref package is loaded.
Package caption Info: End \AtBeginDocument code.
ABD: EverySelectfont initializing macros
LaTeX Info: Redefining \selectfont on input line 34.
\AtBeginShipoutBox=\box107

(C:\Users\Leo\AppData\Local\Programs\MiKTeX\tex/latex/graphics\color.sty
Package: color 2019/11/23 v1.2a Standard LaTeX Color (DPC)

(C:\Users\Leo\AppData\Local\Programs\MiKTeX\tex/latex/graphics-cfg\color.cfg
File: color.cfg 2016/01/02 v1.6 sample color configuration
)
Package color Info: Driver file: pdftex.def on input line 147.
)
Package hyperref Info: Link coloring ON on input line 34.

(C:\Users\Leo\AppData\Local\Programs\MiKTeX\tex/latex/hyperref\nameref.sty
Package: nameref 2019/09/16 v2.46 Cross-referencing by name of section

(C:\Users\Leo\AppData\Local\Programs\MiKTeX\tex/latex/refcount\refcount.sty
Package: refcount 2019/12/15 v3.6 Data extraction from label references (HO)
)
(C:\Users\Leo\AppData\Local\Programs\MiKTeX\tex/generic/gettitlestring\gettitle
string.sty
Package: gettitlestring 2019/12/15 v1.6 Cleanup title references (HO)
)
\c@section@level=\count307
)
LaTeX Info: Redefining \ref on input line 34.
LaTeX Info: Redefining \pageref on input line 34.
LaTeX Info: Redefining \nameref on input line 34.
\@outlinefile=\write3
\openout3 = `resolucao.out'.

\symgns@font=\mathgroup4
LaTeX Font Info:    Overwriting symbol font `gns@font' in version `bold'
(Font)                  TS1/phv/m/n --> TS1/phv/b/n on input line 34.
Package gensymb Info: Math companion symbols declared on input line 34.
LaTeX Info: Redefining \degree on input line 34.
LaTeX Info: Redefining \celsius on input line 34.
Package gensymb Info: Using text companion symbols for \degree, \celsius and \p
erthousand on input line 34.
LaTeX Info: Redefining \ohm on input line 34.
Package gensymb Info: Using \textohm for \ohm on input line 34.
Package gensymb Info: Using \textmu for \micro on input line 34.
<figs/logo.png, id=3, 302.5704pt x 200.6697pt>
File: figs/logo.png Graphic file (type png)
<use figs/logo.png>
Package pdftex.def Info: figs/logo.png  used on input line 43.
(pdftex.def)             Requested size: 384.11221pt x 254.75273pt.
LaTeX Font Info:    Font shape `T1/phv/m/n' will be
(Font)              scaled to size 20.74pt on input line 45.
LaTeX Font Info:    Font shape `T1/phv/m/n' will be
(Font)              scaled to size 14.4pt on input line 49.
LaTeX Font Info:    Font shape `T1/phv/b/n' will be
(Font)              scaled to size 14.4pt on input line 49.
LaTeX Font Info:    Font shape `T1/phv/m/sc' will be
(Font)              scaled to size 14.4pt on input line 51.
LaTeX Font Info:    Font shape `T1/phv/m/sc' will be
(Font)              scaled to size 17.28pt on input line 51.
 [1

{C:/Users/Leo/AppData/Local/MiKTeX/pdftex/config/pdftex.map} <./figs/logo.png>]
LaTeX Font Info:    Font shape `T1/phv/m/n' will be
(Font)              scaled to size 17.28pt on input line 61.
LaTeX Font Info:    Font shape `T1/phv/b/n' will be
(Font)              scaled to size 17.28pt on input line 61.
<figs/structure.png, id=13, 867.24pt x 578.16pt>
File: figs/structure.png Graphic file (type png)
<use figs/structure.png>
Package pdftex.def Info: figs/structure.png  used on input line 67.
(pdftex.def)             Requested size: 501.87683pt x 334.58316pt.
<figs/diagram1.png, id=14, 867.24pt x 578.16pt>
File: figs/diagram1.png Graphic file (type png)
<use figs/diagram1.png>
Package pdftex.def Info: figs/diagram1.png  used on input line 78.
(pdftex.def)             Requested size: 501.87683pt x 334.58316pt.
File: figs/logo.png Graphic file (type png)
<use figs/logo.png>
Package pdftex.def Info: figs/logo.png  used on input line 81.
(pdftex.def)             Requested size: 25.60904pt x 16.98167pt.


Package fancyhdr Warning: \headheight is too small (12.0pt): 
(fancyhdr)                Make it at least 21.33171pt, for example:
(fancyhdr)                \setlength{\headheight}{21.33171pt}.
(fancyhdr)                You might also make \topmargin smaller to compensate:

(fancyhdr)                \addtolength{\topmargin}{-9.33171pt}.

pdfTeX warning (ext4): destination with the same identifier (name{page.1}) has 
been already used, duplicate ignored
<to be read again> 
                   \relax 
l.81 
      [1 <./figs/structure.png>]
LaTeX Font Info:    Trying to load font information for OT1+lmr on input line 8
8.

(C:\Users\Leo\AppData\Local\Programs\MiKTeX\tex/latex/lm\ot1lmr.fd
File: ot1lmr.fd 2009/10/30 v1.6 Font defs for Latin Modern
)
LaTeX Font Info:    Trying to load font information for OML+lmm on input line 8
8.

(C:\Users\Leo\AppData\Local\Programs\MiKTeX\tex/latex/lm\omllmm.fd
File: omllmm.fd 2009/10/30 v1.6 Font defs for Latin Modern
)
LaTeX Font Info:    Trying to load font information for OMS+lmsy on input line 
88.

(C:\Users\Leo\AppData\Local\Programs\MiKTeX\tex/latex/lm\omslmsy.fd
File: omslmsy.fd 2009/10/30 v1.6 Font defs for Latin Modern
)
LaTeX Font Info:    Trying to load font information for OMX+lmex on input line 
88.

(C:\Users\Leo\AppData\Local\Programs\MiKTeX\tex/latex/lm\omxlmex.fd
File: omxlmex.fd 2009/10/30 v1.6 Font defs for Latin Modern
)
LaTeX Font Info:    External font `lmex10' loaded for size
(Font)              <12> on input line 88.
LaTeX Font Info:    External font `lmex10' loaded for size
(Font)              <8> on input line 88.
LaTeX Font Info:    External font `lmex10' loaded for size
(Font)              <6> on input line 88.
LaTeX Font Info:    Trying to load font information for TS1+phv on input line 8
8.

(C:\Users\Leo\AppData\Local\Programs\MiKTeX\tex/latex/psnfss\ts1phv.fd
File: ts1phv.fd 2020/03/25 scalable font definitions for TS1/phv.
)
LaTeX Font Info:    Font shape `TS1/phv/m/n' will be
(Font)              scaled to size 12.0pt on input line 88.
LaTeX Font Info:    Font shape `TS1/phv/m/n' will be
(Font)              scaled to size 8.0pt on input line 88.
LaTeX Font Info:    Font shape `TS1/phv/m/n' will be
(Font)              scaled to size 6.0pt on input line 88.

Underfull \hbox (badness 10000) in paragraph at lines 96--96
|$ 
 []


Underfull \hbox (badness 10000) detected at line 96
|$ 
 []


Underfull \hbox (badness 10000) detected at line 96
|$ 
 []


Underfull \hbox (badness 10000) in paragraph at lines 96--96
\OT1/lmr/m/n/12 = 0 
 []


Underfull \hbox (badness 10000) in paragraph at lines 96--96
|$ 
 []


Underfull \hbox (badness 10000) detected at line 96
|$ 
 []


Underfull \hbox (badness 10000) detected at line 96
|$ 
 []


Underfull \hbox (badness 10000) detected at line 96
\OT1/lmr/m/n/12 = 0 
 []

<figs/diagram2.png, id=21, 867.24pt x 578.16pt>
File: figs/diagram2.png Graphic file (type png)
<use figs/diagram2.png>
Package pdftex.def Info: figs/diagram2.png  used on input line 107.
(pdftex.def)             Requested size: 501.87683pt x 334.58316pt.
File: figs/logo.png Graphic file (type png)
<use figs/logo.png>
Package pdftex.def Info: figs/logo.png  used on input line 110.
(pdftex.def)             Requested size: 25.60904pt x 16.98167pt.

Package fancyhdr Warning: \headheight is too small (12.0pt): 
(fancyhdr)                Make it at least 21.33171pt, for example:
(fancyhdr)                \setlength{\headheight}{21.33171pt}.
(fancyhdr)                You might also make \topmargin smaller to compensate:

(fancyhdr)                \addtolength{\topmargin}{-9.33171pt}.

[2 <./figs/diagram1.png>]
<figs/supports.png, id=35, 867.24pt x 578.16pt>
File: figs/supports.png Graphic file (type png)
<use figs/supports.png>
Package pdftex.def Info: figs/supports.png  used on input line 144.
(pdftex.def)             Requested size: 501.87683pt x 334.58316pt.
File: figs/logo.png Graphic file (type png)
<use figs/logo.png>
Package pdftex.def Info: figs/logo.png  used on input line 147.
(pdftex.def)             Requested size: 25.60904pt x 16.98167pt.


Package fancyhdr Warning: \headheight is too small (12.0pt): 
(fancyhdr)                Make it at least 21.33171pt, for example:
(fancyhdr)                \setlength{\headheight}{21.33171pt}.
(fancyhdr)                You might also make \topmargin smaller to compensate:

(fancyhdr)                \addtolength{\topmargin}{-9.33171pt}.

[3 <./figs/diagram2.png>]
Underfull \hbox (badness 10000) in paragraph at lines 151--155
\T1/phv/m/n/12 A par-tir da in-te-gral da força cor-tante, é ob-tido o mo-mento
 fle-tor.
 []


Underfull \hbox (badness 10000) in paragraph at lines 151--155
\T1/phv/m/n/12 A cons-tante de in-te-gra-ção será o mo-mento no nó fi-nal da se
-ção an-te-rior.
 []


Underfull \hbox (badness 10000) in paragraph at lines 151--155

 []

<figs/structure1.png, id=45, 867.24pt x 578.16pt>
File: figs/structure1.png Graphic file (type png)
<use figs/structure1.png>
Package pdftex.def Info: figs/structure1.png  used on input line 161.
(pdftex.def)             Requested size: 501.87683pt x 334.58316pt.
File: figs/logo.png Graphic file (type png)
<use figs/logo.png>
Package pdftex.def Info: figs/logo.png  used on input line 164.
(pdftex.def)             Requested size: 25.60904pt x 16.98167pt.

Package fancyhdr Warning: \headheight is too small (12.0pt): 
(fancyhdr)                Make it at least 21.33171pt, for example:
(fancyhdr)                \setlength{\headheight}{21.33171pt}.
(fancyhdr)                You might also make \topmargin smaller to compensate:

(fancyhdr)                \addtolength{\topmargin}{-9.33171pt}.

[4 <./figs/supports.png>]
LaTeX Font Info:    Font shape `T1/phv/b/n' will be
(Font)              scaled to size 12.0pt on input line 166.
File: figs/logo.png Graphic file (type png)
<use figs/logo.png>
Package pdftex.def Info: figs/logo.png  used on input line 203.
(pdftex.def)             Requested size: 25.60904pt x 16.98167pt.


Package fancyhdr Warning: \headheight is too small (12.0pt): 
(fancyhdr)                Make it at least 21.33171pt, for example:
(fancyhdr)                \setlength{\headheight}{21.33171pt}.
(fancyhdr)                You might also make \topmargin smaller to compensate:

(fancyhdr)                \addtolength{\topmargin}{-9.33171pt}.

[5 <./figs/structure1.png>]
<figs/structure2.png, id=63, 867.24pt x 578.16pt>
File: figs/structure2.png Graphic file (type png)
<use figs/structure2.png>
Package pdftex.def Info: figs/structure2.png  used on input line 212.
(pdftex.def)             Requested size: 501.87683pt x 334.58316pt.
File: figs/logo.png Graphic file (type png)
<use figs/logo.png>
Package pdftex.def Info: figs/logo.png  used on input line 240.
(pdftex.def)             Requested size: 25.60904pt x 16.98167pt.


Package fancyhdr Warning: \headheight is too small (12.0pt): 
(fancyhdr)                Make it at least 21.33171pt, for example:
(fancyhdr)                \setlength{\headheight}{21.33171pt}.
(fancyhdr)                You might also make \topmargin smaller to compensate:

(fancyhdr)                \addtolength{\topmargin}{-9.33171pt}.

[6 <./figs/structure2.png>]
<figs/structure3.png, id=74, 867.24pt x 578.16pt>
File: figs/structure3.png Graphic file (type png)
<use figs/structure3.png>
Package pdftex.def Info: figs/structure3.png  used on input line 263.
(pdftex.def)             Requested size: 501.87683pt x 334.58316pt.
File: figs/logo.png Graphic file (type png)
<use figs/logo.png>
Package pdftex.def Info: figs/logo.png  used on input line 278.
(pdftex.def)             Requested size: 25.60904pt x 16.98167pt.


Package fancyhdr Warning: \headheight is too small (12.0pt): 
(fancyhdr)                Make it at least 21.33171pt, for example:
(fancyhdr)                \setlength{\headheight}{21.33171pt}.
(fancyhdr)                You might also make \topmargin smaller to compensate:

(fancyhdr)                \addtolength{\topmargin}{-9.33171pt}.

[7 <./figs/structure3.png>]
<figs/structure4.png, id=84, 867.24pt x 578.16pt>
File: figs/structure4.png Graphic file (type png)
<use figs/structure4.png>
Package pdftex.def Info: figs/structure4.png  used on input line 320.
(pdftex.def)             Requested size: 501.87683pt x 334.58316pt.
File: figs/logo.png Graphic file (type png)
<use figs/logo.png>
Package pdftex.def Info: figs/logo.png  used on input line 323.
(pdftex.def)             Requested size: 25.60904pt x 16.98167pt.


Package fancyhdr Warning: \headheight is too small (12.0pt): 
(fancyhdr)                Make it at least 21.33171pt, for example:
(fancyhdr)                \setlength{\headheight}{21.33171pt}.
(fancyhdr)                You might also make \topmargin smaller to compensate:

(fancyhdr)                \addtolength{\topmargin}{-9.33171pt}.

[8]
File: figs/logo.png Graphic file (type png)
<use figs/logo.png>
Package pdftex.def Info: figs/logo.png  used on input line 362.
(pdftex.def)             Requested size: 25.60904pt x 16.98167pt.


Package fancyhdr Warning: \headheight is too small (12.0pt): 
(fancyhdr)                Make it at least 21.33171pt, for example:
(fancyhdr)                \setlength{\headheight}{21.33171pt}.
(fancyhdr)                You might also make \topmargin smaller to compensate:

(fancyhdr)                \addtolength{\topmargin}{-9.33171pt}.

[9 <./figs/structure4.png>]
<figs/structure5.png, id=103, 867.24pt x 578.16pt>
File: figs/structure5.png Graphic file (type png)
<use figs/structure5.png>
Package pdftex.def Info: figs/structure5.png  used on input line 373.
(pdftex.def)             Requested size: 501.87683pt x 334.58316pt.
File: figs/logo.png Graphic file (type png)
<use figs/logo.png>
Package pdftex.def Info: figs/logo.png  used on input line 399.
(pdftex.def)             Requested size: 25.60904pt x 16.98167pt.


Package fancyhdr Warning: \headheight is too small (12.0pt): 
(fancyhdr)                Make it at least 21.33171pt, for example:
(fancyhdr)                \setlength{\headheight}{21.33171pt}.
(fancyhdr)                You might also make \topmargin smaller to compensate:

(fancyhdr)                \addtolength{\topmargin}{-9.33171pt}.

[10 <./figs/structure5.png>]
<figs/structure6.png, id=114, 867.24pt x 578.16pt>
File: figs/structure6.png Graphic file (type png)
<use figs/structure6.png>
Package pdftex.def Info: figs/structure6.png  used on input line 426.
(pdftex.def)             Requested size: 501.87683pt x 334.58316pt.
File: figs/logo.png Graphic file (type png)
<use figs/logo.png>
Package pdftex.def Info: figs/logo.png  used on input line 439.
(pdftex.def)             Requested size: 25.60904pt x 16.98167pt.


Package fancyhdr Warning: \headheight is too small (12.0pt): 
(fancyhdr)                Make it at least 21.33171pt, for example:
(fancyhdr)                \setlength{\headheight}{21.33171pt}.
(fancyhdr)                You might also make \topmargin smaller to compensate:

(fancyhdr)                \addtolength{\topmargin}{-9.33171pt}.

[11 <./figs/structure6.png>]
<figs/axial.png, id=124, 867.24pt x 578.16pt>
File: figs/axial.png Graphic file (type png)
<use figs/axial.png>
Package pdftex.def Info: figs/axial.png  used on input line 481.
(pdftex.def)             Requested size: 501.87683pt x 334.58316pt.
File: figs/logo.png Graphic file (type png)
<use figs/logo.png>
Package pdftex.def Info: figs/logo.png  used on input line 484.
(pdftex.def)             Requested size: 25.60904pt x 16.98167pt.


Package fancyhdr Warning: \headheight is too small (12.0pt): 
(fancyhdr)                Make it at least 21.33171pt, for example:
(fancyhdr)                \setlength{\headheight}{21.33171pt}.
(fancyhdr)                You might also make \topmargin smaller to compensate:

(fancyhdr)                \addtolength{\topmargin}{-9.33171pt}.

[12]
<figs/shear.png, id=133, 867.24pt x 578.16pt>
File: figs/shear.png Graphic file (type png)
<use figs/shear.png>
Package pdftex.def Info: figs/shear.png  used on input line 492.
(pdftex.def)             Requested size: 501.87683pt x 334.58316pt.
File: figs/logo.png Graphic file (type png)
<use figs/logo.png>
Package pdftex.def Info: figs/logo.png  used on input line 495.
(pdftex.def)             Requested size: 25.60904pt x 16.98167pt.


Package fancyhdr Warning: \headheight is too small (12.0pt): 
(fancyhdr)                Make it at least 21.33171pt, for example:
(fancyhdr)                \setlength{\headheight}{21.33171pt}.
(fancyhdr)                You might also make \topmargin smaller to compensate:

(fancyhdr)                \addtolength{\topmargin}{-9.33171pt}.

[13 <./figs/axial.png>]
<figs/moment.png, id=142, 867.24pt x 578.16pt>
File: figs/moment.png Graphic file (type png)
<use figs/moment.png>
Package pdftex.def Info: figs/moment.png  used on input line 503.
(pdftex.def)             Requested size: 501.87683pt x 334.58316pt.
File: figs/logo.png Graphic file (type png)
<use figs/logo.png>
Package pdftex.def Info: figs/logo.png  used on input line 506.
(pdftex.def)             Requested size: 25.60904pt x 16.98167pt.


Package fancyhdr Warning: \headheight is too small (12.0pt): 
(fancyhdr)                Make it at least 21.33171pt, for example:
(fancyhdr)                \setlength{\headheight}{21.33171pt}.
(fancyhdr)                You might also make \topmargin smaller to compensate:

(fancyhdr)                \addtolength{\topmargin}{-9.33171pt}.

[14 <./figs/shear.png>]

Package lastpage Warning: Rerun to get the references right on input line 508.


AED: lastpage setting LastPage
File: figs/logo.png Graphic file (type png)
<use figs/logo.png>
Package pdftex.def Info: figs/logo.png  used on input line 508.
(pdftex.def)             Requested size: 25.60904pt x 16.98167pt.

Package fancyhdr Warning: \headheight is too small (12.0pt): 
(fancyhdr)                Make it at least 21.33171pt, for example:
(fancyhdr)                \setlength{\headheight}{21.33171pt}.
(fancyhdr)                You might also make \topmargin smaller to compensate:

(fancyhdr)                \addtolength{\topmargin}{-9.33171pt}.

[15 <./figs/moment.png>]
Package atveryend Info: Empty hook `BeforeClearDocument' on input line 508.
Package atveryend Info: Empty hook `AfterLastShipout' on input line 508.
 (resolucao.aux)
Package atveryend Info: Executing hook `AtVeryEndDocument' on input line 508.
Package atveryend Info: Executing hook `AtEndAfterFileList' on input line 508.


Package rerunfilecheck Warning: File `resolucao.out' has changed.
(rerunfilecheck)                Rerun to get outlines right
(rerunfilecheck)                or use package `bookmark'.

Package rerunfilecheck Info: Checksums for `resolucao.out':
(rerunfilecheck)             Before: <no file>
(rerunfilecheck)             After:  077E54B7706E67FEC5DBE045B782F9AA;2947.

LaTeX Warning: Label(s) may have changed. Rerun to get cross-references right.

Package atveryend Info: Empty hook `AtVeryVeryEnd' on input line 508.
 ) 
Here is how much of TeX's memory you used:
 10259 strings out of 481212
 159223 string characters out of 2906911
 446226 words of memory out of 3000000
 25543 multiletter control sequences out of 15000+200000
 575892 words of font info for 60 fonts, out of 3000000 for 9000
 1141 hyphenation exceptions out of 8191
 45i,15n,48p,349b,441s stack positions out of 5000i,500n,10000p,200000b,50000s
{C:/Users/Leo/AppData/Local/Programs/MiKTeX/fonts/enc/dvips/lm/lm-mathsy.enc}
{C:/Users/Leo/AppData/Local/Programs/MiKTeX/fonts/enc/dvips/lm/lm-mathit.enc}{C
:/Users/Leo/AppData/Local/Programs/MiKTeX/fonts/enc/dvips/lm/lm-rm.enc}{C:/User
s/Leo/AppData/Local/Programs/MiKTeX/fonts/enc/dvips/lm/lm-mathex.enc}{C:/Users/
Leo/AppData/Local/Programs/MiKTeX/fonts/enc/dvips/base/8r.enc}<C:/Users/Leo/App
Data/Local/Programs/MiKTeX/fonts/type1/public/lm/lmex10.pfb><C:/Users/Leo/AppDa
ta/Local/Programs/MiKTeX/fonts/type1/public/lm/lmmi12.pfb><C:/Users/Leo/AppData
/Local/Programs/MiKTeX/fonts/type1/public/lm/lmmi8.pfb><C:/Users/Leo/AppData/Lo
cal/Programs/MiKTeX/fonts/type1/public/lm/lmr12.pfb><C:/Users/Leo/AppData/Local
/Programs/MiKTeX/fonts/type1/public/lm/lmr8.pfb><C:/Users/Leo/AppData/Local/Pro
grams/MiKTeX/fonts/type1/public/lm/lmsy10.pfb><C:/Users/Leo/AppData/Local/Progr
ams/MiKTeX/fonts/type1/public/lm/lmsy8.pfb><C:/Users/Leo/AppData/Local/Programs
/MiKTeX/fonts/type1/urw/helvetic/uhvb8a.pfb><C:/Users/Leo/AppData/Local/Program
s/MiKTeX/fonts/type1/urw/helvetic/uhvr8a.pfb>
Output written on resolucao.pdf (16 pages, 430331 bytes).
PDF statistics:
 206 PDF objects out of 1000 (max. 8388607)
 66 named destinations out of 1000 (max. 500000)
 71 words of extra memory for PDF output out of 10000 (max. 10000000)

