\BOOKMARK [1][-]{section.1}{Imagem da Estrutura}{}% 1
\BOOKMARK [1][-]{section.2}{Fazendo o diagrama de corpo livre}{}% 2
\BOOKMARK [1][-]{section.3}{Calculando a rea\347\343o dos apoios}{}% 3
\BOOKMARK [2][-]{subsection.3.1}{Realizando c\341lculo do momento no apoio fixo}{section.3}% 4
\BOOKMARK [1][-]{section.4}{Refazendo o diagrama de corpo livre}{}% 5
\BOOKMARK [2][-]{subsection.4.1}{Fazendo a somat\363ria das for\347as em Y para obter a rea\347\343o em Y no apoio fixo}{section.4}% 6
\BOOKMARK [2][-]{subsection.4.2}{Fazendo a somat\363ria das for\347as em X para obter a rea\347\343o em X no apoio fixo}{section.4}% 7
\BOOKMARK [2][-]{subsection.4.3}{Desenhando as rea\347\365es dos apoios}{section.4}% 8
\BOOKMARK [1][-]{section.5}{Calculando os esfor\347os internos}{}% 9
\BOOKMARK [2][-]{subsection.5.1}{Cortando na Se\347\343o 1}{section.5}% 10
\BOOKMARK [3][-]{subsubsection.5.1.1}{For\347a Normal}{subsection.5.1}% 11
\BOOKMARK [3][-]{subsubsection.5.1.2}{For\347a Cortante}{subsection.5.1}% 12
\BOOKMARK [3][-]{subsubsection.5.1.3}{Momento Fletor}{subsection.5.1}% 13
\BOOKMARK [2][-]{subsection.5.2}{Cortando na Se\347\343o 2}{section.5}% 14
\BOOKMARK [3][-]{subsubsection.5.2.1}{For\347a Normal}{subsection.5.2}% 15
\BOOKMARK [3][-]{subsubsection.5.2.2}{For\347a Cortante}{subsection.5.2}% 16
\BOOKMARK [3][-]{subsubsection.5.2.3}{Momento Fletor}{subsection.5.2}% 17
\BOOKMARK [2][-]{subsection.5.3}{Cortando na Se\347\343o 3}{section.5}% 18
\BOOKMARK [3][-]{subsubsection.5.3.1}{For\347a Normal}{subsection.5.3}% 19
\BOOKMARK [3][-]{subsubsection.5.3.2}{For\347a Cortante}{subsection.5.3}% 20
\BOOKMARK [3][-]{subsubsection.5.3.3}{Momento Fletor}{subsection.5.3}% 21
\BOOKMARK [2][-]{subsection.5.4}{Cortando na Se\347\343o 4}{section.5}% 22
\BOOKMARK [3][-]{subsubsection.5.4.1}{For\347a Normal}{subsection.5.4}% 23
\BOOKMARK [3][-]{subsubsection.5.4.2}{For\347a Cortante}{subsection.5.4}% 24
\BOOKMARK [3][-]{subsubsection.5.4.3}{Momento Fletor}{subsection.5.4}% 25
\BOOKMARK [2][-]{subsection.5.5}{Cortando na Se\347\343o 5}{section.5}% 26
\BOOKMARK [3][-]{subsubsection.5.5.1}{For\347a Normal}{subsection.5.5}% 27
\BOOKMARK [3][-]{subsubsection.5.5.2}{For\347a Cortante}{subsection.5.5}% 28
\BOOKMARK [3][-]{subsubsection.5.5.3}{Momento Fletor}{subsection.5.5}% 29
\BOOKMARK [2][-]{subsection.5.6}{Cortando na Se\347\343o 6}{section.5}% 30
\BOOKMARK [3][-]{subsubsection.5.6.1}{For\347a Normal}{subsection.5.6}% 31
\BOOKMARK [3][-]{subsubsection.5.6.2}{For\347a Cortante}{subsection.5.6}% 32
\BOOKMARK [3][-]{subsubsection.5.6.3}{Momento Fletor}{subsection.5.6}% 33
\BOOKMARK [1][-]{section.6}{Desenhando os diagramas de esfor\347os internos}{}% 34
\BOOKMARK [2][-]{subsection.6.1}{Desenhando o diagrama da for\347a normal:}{section.6}% 35
\BOOKMARK [2][-]{subsection.6.2}{Desenhando o diagrama da for\347a cortante:}{section.6}% 36
\BOOKMARK [2][-]{subsection.6.3}{Desenhando o diagrama do momento fletor:}{section.6}% 37
